[debug] [2022-12-29T18:11:53.961Z] ----------------------------------------------------------------------
[debug] [2022-12-29T18:11:53.968Z] Command:       C:\Program Files\nodejs\node.exe C:\Users\asfah\AppData\Roaming\npm\node_modules\firebase-tools\lib\bin\firebase.js init
[debug] [2022-12-29T18:11:53.971Z] CLI Version:   11.15.0
[debug] [2022-12-29T18:11:53.972Z] Platform:      win32
[debug] [2022-12-29T18:11:53.973Z] Node Version:  v18.12.0
[debug] [2022-12-29T18:11:53.986Z] Time:          Fri Dec 30 2022 00:11:53 GMT+0600 (Bangladesh Standard Time)
[debug] [2022-12-29T18:11:53.987Z] ----------------------------------------------------------------------
[debug] 
[debug] [2022-12-29T18:11:53.999Z] >>> [apiv2][query] GET https://firebase-public.firebaseio.com/cli.json [none]
[debug] [2022-12-29T18:11:54.133Z] > command requires scopes: ["email","openid","https://www.googleapis.com/auth/cloudplatformprojects.readonly","https://www.googleapis.com/auth/firebase","https://www.googleapis.com/auth/cloud-platform"]
[debug] [2022-12-29T18:11:54.134Z] > authorizing via signed-in user (devasfahim@gmail.com)
[info] 
     ######## #### ########  ######## ########     ###     ######  ########
     ##        ##  ##     ## ##       ##     ##  ##   ##  ##       ##
     ######    ##  ########  ######   ########  #########  ######  ######
     ##        ##  ##    ##  ##       ##     ## ##     ##       ## ##
     ##       #### ##     ## ######## ########  ##     ##  ######  ########

You're about to initialize a Firebase project in this directory:

  C:\Users\asfah\OneDrive\Desktop\programming hero\projects\all-projects\tektek\tektek-client

[debug] [2022-12-29T18:11:55.103Z] <<< [apiv2][status] GET https://firebase-public.firebaseio.com/cli.json 200
[debug] [2022-12-29T18:11:55.104Z] <<< [apiv2][body] GET https://firebase-public.firebaseio.com/cli.json {"cloudBuildErrorAfter":1594252800000,"cloudBuildWarnAfter":1590019200000,"defaultNode10After":1594252800000,"minVersion":"3.0.5","node8DeploysDisabledAfter":1613390400000,"node8RuntimeDisabledAfter":1615809600000,"node8WarnAfter":1600128000000}
[info] 
=== Project Setup
[info] 
[info] First, let's associate this project directory with a Firebase project.
[info] You can create multiple project aliases by running firebase use --add, 
[info] but for now we'll just set up a default project.
[info] 
[debug] [2022-12-29T18:12:16.745Z] > refreshing access token with scopes: []
[debug] [2022-12-29T18:12:16.747Z] >>> [apiv2][query] POST https://www.googleapis.com/oauth2/v3/token [none]
[debug] [2022-12-29T18:12:16.748Z] >>> [apiv2][body] POST https://www.googleapis.com/oauth2/v3/token [omitted]
[debug] [2022-12-29T18:12:17.264Z] <<< [apiv2][status] POST https://www.googleapis.com/oauth2/v3/token 200
[debug] [2022-12-29T18:12:17.265Z] <<< [apiv2][body] POST https://www.googleapis.com/oauth2/v3/token [omitted]
[debug] [2022-12-29T18:12:17.299Z] >>> [apiv2][query] GET https://firebase.googleapis.com/v1beta1/projects pageSize=100
[debug] [2022-12-29T18:12:18.348Z] <<< [apiv2][status] GET https://firebase.googleapis.com/v1beta1/projects 200
[debug] [2022-12-29T18:12:18.349Z] <<< [apiv2][body] GET https://firebase.googleapis.com/v1beta1/projects [omitted]
[debug] [2022-12-29T18:13:52.581Z] ----------------------------------------------------------------------
[debug] [2022-12-29T18:13:52.585Z] Command:       C:\Program Files\nodejs\node.exe C:\Users\asfah\AppData\Roaming\npm\node_modules\firebase-tools\lib\bin\firebase.js init
[debug] [2022-12-29T18:13:52.585Z] CLI Version:   11.15.0
[debug] [2022-12-29T18:13:52.586Z] Platform:      win32
[debug] [2022-12-29T18:13:52.586Z] Node Version:  v18.12.0
[debug] [2022-12-29T18:13:52.596Z] Time:          Fri Dec 30 2022 00:13:52 GMT+0600 (Bangladesh Standard Time)
[debug] [2022-12-29T18:13:52.597Z] ----------------------------------------------------------------------
[debug] 
[debug] [2022-12-29T18:13:52.615Z] > command requires scopes: ["email","openid","https://www.googleapis.com/auth/cloudplatformprojects.readonly","https://www.googleapis.com/auth/firebase","https://www.googleapis.com/auth/cloud-platform"]
[debug] [2022-12-29T18:13:52.616Z] > authorizing via signed-in user (devasfahim@gmail.com)
[info] 
     ######## #### ########  ######## ########     ###     ######  ########
     ##        ##  ##     ## ##       ##     ##  ##   ##  ##       ##
     ######    ##  ########  ######   ########  #########  ######  ######
     ##        ##  ##    ##  ##       ##     ## ##     ##       ## ##
     ##       #### ##     ## ######## ########  ##     ##  ######  ########

You're about to initialize a Firebase project in this directory:

  C:\Users\asfah\OneDrive\Desktop\programming hero\projects\all-projects\tektek\tektek-client

[info] 
=== Project Setup
[info] 
[info] First, let's associate this project directory with a Firebase project.
[info] You can create multiple project aliases by running firebase use --add, 
[info] but for now we'll just set up a default project.
[info] 
[debug] [2022-12-29T18:14:20.793Z] >>> [apiv2][query] GET https://firebase.googleapis.com/v1beta1/projects pageSize=100
[debug] [2022-12-29T18:14:24.224Z] <<< [apiv2][status] GET https://firebase.googleapis.com/v1beta1/projects 200
[debug] [2022-12-29T18:14:24.224Z] <<< [apiv2][body] GET https://firebase.googleapis.com/v1beta1/projects [omitted]
